
     Program Q2R v.6.1 (svn rev. 13369) starts on  2Feb2018 at 10:56:34 

     This program is part of the open-source Quantum ESPRESSO suite
     for quantum simulation of materials; please cite
         "P. Giannozzi et al., J. Phys.:Condens. Matter 21 395502 (2009);
          URL http://www.quantum-espresso.org", 
     in publications or presentations arising from this work. More details at
     http://www.quantum-espresso.org/quote

     Parallel version (MPI), running on     1 processors

     reading grid info from file na.bcc.dyn0    
  reading force constants from file na.bcc.dyn1
  Dielectric Tensor not found
  nqs=            1
 q=   0.00000000  0.00000000  0.00000000
  reading force constants from file na.bcc.dyn2
  nqs=           12
 q=   0.00000000 -0.16666667  0.16666667
 q=  -0.16666667  0.00000000  0.16666667
 q=   0.16666667  0.00000000  0.16666667
 q=   0.00000000  0.16666667  0.16666667
 q=   0.16666667  0.16666667  0.00000000
 q=  -0.16666667  0.16666667  0.00000000
 q=   0.16666667 -0.16666667  0.00000000
 q=  -0.16666667 -0.16666667  0.00000000
 q=  -0.16666667  0.00000000 -0.16666667
 q=   0.00000000 -0.16666667 -0.16666667
 q=   0.00000000  0.16666667 -0.16666667
 q=   0.16666667  0.00000000 -0.16666667
  reading force constants from file na.bcc.dyn3
  nqs=           12
 q=   0.00000000 -0.33333333  0.33333333
 q=  -0.33333333  0.00000000  0.33333333
 q=   0.33333333  0.00000000  0.33333333
 q=   0.00000000  0.33333333  0.33333333
 q=   0.33333333  0.33333333  0.00000000
 q=  -0.33333333  0.33333333  0.00000000
 q=   0.33333333 -0.33333333  0.00000000
 q=  -0.33333333 -0.33333333  0.00000000
 q=  -0.33333333  0.00000000 -0.33333333
 q=   0.00000000 -0.33333333 -0.33333333
 q=   0.00000000  0.33333333 -0.33333333
 q=   0.33333333  0.00000000 -0.33333333
  reading force constants from file na.bcc.dyn4
  nqs=            6
 q=   0.00000000  0.50000000 -0.50000000
 q=  -0.50000000 -0.50000000  0.00000000
 q=   0.50000000 -0.50000000  0.00000000
 q=   0.50000000  0.00000000  0.50000000
 q=   0.00000000 -0.50000000 -0.50000000
 q=   0.50000000  0.00000000 -0.50000000
  reading force constants from file na.bcc.dyn5
  nqs=           24
 q=  -0.16666667 -0.16666667  0.33333333
 q=  -0.16666667 -0.33333333  0.16666667
 q=   0.16666667 -0.33333333  0.16666667
 q=  -0.16666667  0.33333333 -0.16666667
 q=   0.16666667  0.33333333 -0.16666667
 q=   0.16666667  0.16666667 -0.33333333
 q=  -0.16666667  0.16666667 -0.33333333
 q=   0.33333333  0.16666667 -0.16666667
 q=  -0.33333333  0.16666667  0.16666667
 q=   0.33333333 -0.16666667  0.16666667
 q=  -0.33333333 -0.16666667 -0.16666667
 q=  -0.16666667 -0.16666667 -0.33333333
 q=  -0.16666667  0.33333333  0.16666667
 q=  -0.16666667 -0.33333333 -0.16666667
 q=  -0.16666667  0.16666667  0.33333333
 q=   0.16666667 -0.16666667  0.33333333
 q=   0.16666667 -0.33333333 -0.16666667
 q=  -0.33333333  0.16666667 -0.16666667
 q=   0.33333333  0.16666667  0.16666667
 q=  -0.33333333 -0.16666667  0.16666667
 q=   0.33333333 -0.16666667 -0.16666667
 q=   0.16666667 -0.16666667 -0.33333333
 q=   0.16666667  0.16666667  0.33333333
 q=   0.16666667  0.33333333  0.16666667
  reading force constants from file na.bcc.dyn6
  nqs=           48
 q=  -0.16666667  0.66666667 -0.50000000
 q=   0.66666667 -0.16666667 -0.50000000
 q=  -0.16666667  0.50000000 -0.66666667
 q=   0.16666667  0.50000000 -0.66666667
 q=  -0.16666667 -0.50000000  0.66666667
 q=   0.16666667 -0.50000000  0.66666667
 q=   0.16666667 -0.66666667  0.50000000
 q=  -0.16666667 -0.66666667  0.50000000
 q=  -0.50000000 -0.66666667 -0.16666667
 q=   0.50000000 -0.66666667  0.16666667
 q=  -0.50000000  0.66666667  0.16666667
 q=   0.50000000  0.66666667 -0.16666667
 q=   0.66666667 -0.16666667  0.50000000
 q=   0.66666667 -0.50000000 -0.16666667
 q=  -0.16666667 -0.50000000 -0.66666667
 q=  -0.16666667  0.50000000  0.66666667
 q=   0.66666667  0.16666667 -0.50000000
 q=   0.16666667  0.66666667 -0.50000000
 q=   0.66666667  0.50000000  0.16666667
 q=  -0.66666667  0.50000000 -0.16666667
 q=   0.50000000  0.16666667  0.66666667
 q=  -0.50000000  0.16666667 -0.66666667
 q=   0.50000000  0.66666667  0.16666667
 q=   0.50000000 -0.16666667 -0.66666667
 q=  -0.66666667  0.16666667  0.50000000
 q=  -0.16666667  0.66666667  0.50000000
 q=  -0.50000000 -0.16666667  0.66666667
 q=   0.16666667  0.66666667  0.50000000
 q=  -0.50000000  0.66666667 -0.16666667
 q=  -0.66666667 -0.16666667 -0.50000000
 q=  -0.66666667 -0.16666667  0.50000000
 q=   0.66666667  0.16666667  0.50000000
 q=   0.16666667 -0.66666667 -0.50000000
 q=  -0.66666667  0.16666667 -0.50000000
 q=   0.50000000 -0.66666667 -0.16666667
 q=  -0.50000000 -0.66666667  0.16666667
 q=  -0.16666667 -0.66666667 -0.50000000
 q=  -0.66666667 -0.50000000  0.16666667
 q=   0.16666667  0.50000000  0.66666667
 q=   0.16666667 -0.50000000 -0.66666667
 q=  -0.66666667  0.50000000  0.16666667
 q=   0.66666667  0.50000000 -0.16666667
 q=  -0.66666667 -0.50000000 -0.16666667
 q=   0.66666667 -0.50000000  0.16666667
 q=   0.50000000  0.16666667 -0.66666667
 q=   0.50000000 -0.16666667  0.66666667
 q=  -0.50000000 -0.16666667 -0.66666667
 q=  -0.50000000  0.16666667  0.66666667
  reading force constants from file na.bcc.dyn7
  nqs=            8
 q=  -0.33333333  0.66666667 -0.33333333
 q=   0.33333333 -0.66666667  0.33333333
 q=  -0.33333333 -0.66666667  0.33333333
 q=  -0.33333333 -0.66666667 -0.33333333
 q=  -0.33333333  0.66666667  0.33333333
 q=   0.33333333  0.66666667 -0.33333333
 q=  -0.66666667  0.33333333 -0.33333333
 q=   0.33333333  0.66666667  0.33333333
  reading force constants from file na.bcc.dyn8
  nqs=            6
 q=   0.00000000  0.00000000  0.33333333
 q=   0.33333333  0.00000000  0.00000000
 q=  -0.33333333  0.00000000  0.00000000
 q=   0.00000000  0.00000000 -0.33333333
 q=   0.00000000 -0.33333333  0.00000000
 q=   0.00000000  0.33333333  0.00000000
  reading force constants from file na.bcc.dyn9
  nqs=           24
 q=   0.00000000 -0.16666667  0.50000000
 q=  -0.16666667  0.00000000  0.50000000
 q=   0.16666667  0.00000000  0.50000000
 q=   0.00000000  0.16666667  0.50000000
 q=   0.50000000  0.16666667  0.00000000
 q=  -0.50000000  0.16666667  0.00000000
 q=   0.50000000 -0.16666667  0.00000000
 q=  -0.50000000 -0.16666667  0.00000000
 q=  -0.16666667  0.00000000 -0.50000000
 q=   0.00000000 -0.50000000  0.16666667
 q=   0.00000000  0.50000000  0.16666667
 q=   0.00000000 -0.50000000 -0.16666667
 q=   0.00000000  0.50000000 -0.16666667
 q=  -0.16666667  0.50000000  0.00000000
 q=  -0.16666667 -0.50000000  0.00000000
 q=   0.16666667 -0.50000000  0.00000000
 q=  -0.50000000  0.00000000 -0.16666667
 q=   0.50000000  0.00000000  0.16666667
 q=  -0.50000000  0.00000000  0.16666667
 q=   0.16666667  0.00000000 -0.50000000
 q=   0.00000000 -0.16666667 -0.50000000
 q=   0.50000000  0.00000000 -0.16666667
 q=   0.00000000  0.16666667 -0.50000000
 q=   0.16666667  0.50000000  0.00000000
  reading force constants from file na.bcc.dyn10
  nqs=           12
 q=   0.00000000  0.66666667 -0.33333333
 q=  -0.66666667  0.00000000 -0.33333333
 q=   0.00000000 -0.66666667 -0.33333333
 q=  -0.33333333 -0.66666667  0.00000000
 q=   0.33333333 -0.66666667  0.00000000
 q=  -0.33333333  0.66666667  0.00000000
 q=   0.33333333  0.66666667  0.00000000
 q=   0.66666667  0.00000000  0.33333333
 q=   0.00000000  0.33333333 -0.66666667
 q=   0.00000000 -0.33333333 -0.66666667
 q=   0.66666667  0.00000000 -0.33333333
 q=   0.33333333  0.00000000 -0.66666667
  reading force constants from file na.bcc.dyn11
  nqs=           24
 q=  -0.16666667  0.83333333 -0.33333333
 q=  -0.16666667 -0.33333333  0.83333333
 q=   0.16666667 -0.33333333  0.83333333
 q=  -0.83333333 -0.16666667 -0.33333333
 q=   0.16666667 -0.83333333 -0.33333333
 q=  -0.16666667 -0.83333333 -0.33333333
 q=  -0.33333333 -0.83333333 -0.16666667
 q=   0.33333333 -0.83333333  0.16666667
 q=  -0.33333333  0.83333333  0.16666667
 q=   0.33333333  0.83333333 -0.16666667
 q=   0.83333333 -0.16666667  0.33333333
 q=   0.16666667  0.33333333 -0.83333333
 q=  -0.16666667 -0.33333333 -0.83333333
 q=  -0.16666667  0.33333333  0.83333333
 q=   0.83333333  0.33333333  0.16666667
 q=  -0.83333333  0.33333333 -0.16666667
 q=   0.33333333  0.16666667  0.83333333
 q=  -0.33333333  0.16666667 -0.83333333
 q=   0.33333333  0.83333333  0.16666667
 q=  -0.83333333  0.16666667  0.33333333
 q=   0.16666667  0.83333333  0.33333333
 q=  -0.33333333 -0.16666667  0.83333333
 q=   0.83333333  0.16666667  0.33333333
 q=  -0.83333333 -0.33333333  0.16666667
  reading force constants from file na.bcc.dyn12
  nqs=            8
 q=   0.66666667 -0.66666667  0.33333333
 q=  -0.66666667  0.66666667  0.33333333
 q=   0.66666667  0.66666667  0.33333333
 q=   0.33333333  0.66666667  0.66666667
 q=   0.33333333 -0.66666667 -0.66666667
 q=  -0.33333333 -0.66666667  0.66666667
 q=  -0.66666667  0.33333333  0.66666667
 q=   0.66666667 -0.33333333  0.66666667
  reading force constants from file na.bcc.dyn13
  nqs=           12
 q=   0.50000000 -0.50000000  0.33333333
 q=  -0.33333333 -0.50000000 -0.50000000
 q=   0.50000000  0.33333333 -0.50000000
 q=   0.50000000  0.50000000  0.33333333
 q=   0.33333333  0.50000000  0.50000000
 q=  -0.33333333  0.50000000 -0.50000000
 q=  -0.50000000  0.50000000 -0.33333333
 q=  -0.50000000 -0.33333333  0.50000000
 q=   0.50000000  0.33333333  0.50000000
 q=  -0.50000000 -0.33333333 -0.50000000
 q=   0.33333333 -0.50000000  0.50000000
 q=  -0.50000000 -0.50000000 -0.33333333
  reading force constants from file na.bcc.dyn14
  nqs=            6
 q=   0.00000000  0.00000000  0.66666667
 q=   0.66666667  0.00000000  0.00000000
 q=  -0.66666667  0.00000000  0.00000000
 q=   0.00000000  0.00000000 -0.66666667
 q=   0.00000000 -0.66666667  0.00000000
 q=   0.00000000  0.66666667  0.00000000
  reading force constants from file na.bcc.dyn15
  nqs=           12
 q=   0.00000000  0.83333333 -0.16666667
 q=   0.00000000 -0.83333333 -0.16666667
 q=   0.83333333  0.00000000 -0.16666667
 q=  -0.83333333  0.00000000 -0.16666667
 q=  -0.16666667 -0.83333333  0.00000000
 q=   0.16666667 -0.83333333  0.00000000
 q=  -0.16666667  0.83333333  0.00000000
 q=   0.16666667  0.83333333  0.00000000
 q=   0.83333333  0.00000000  0.16666667
 q=   0.00000000  0.16666667 -0.83333333
 q=   0.00000000 -0.16666667 -0.83333333
 q=   0.16666667  0.00000000 -0.83333333
  reading force constants from file na.bcc.dyn16
  nqs=            1
 q=   0.00000000  0.00000000 -1.00000000

      q-space grid ok, #points =  216

      fft-check success (sum of imaginary terms < 10^-12)

     Q2R          :     0.01s CPU         0.01s WALL


   This run was terminated on:  10:56:34   2Feb2018            

=------------------------------------------------------------------------------=
   JOB DONE.
=------------------------------------------------------------------------------=
