File containing the dos >>> Read   114 lines; Delta e (cm^-1) =  1.000000
Check: 3*Nat =   3.0054     zero-point energy (Ry)=     0.00107223
Output file for the Free energy >>> Temperature (K) >>> T=    0.00K,  F(T)=      0.00107223 Ry
Temperature (K) >>> T=   10.00K,  F(T)=      0.00107192 Ry
Temperature (K) >>> T=   20.00K,  F(T)=      0.00106549 Ry
Temperature (K) >>> T=   30.00K,  F(T)=      0.00104205 Ry
Temperature (K) >>> T=   40.00K,  F(T)=      0.00099490 Ry
Temperature (K) >>> T=   50.00K,  F(T)=      0.00092207 Ry
Temperature (K) >>> T=   60.00K,  F(T)=      0.00082414 Ry
Temperature (K) >>> T=   70.00K,  F(T)=      0.00070266 Ry
Temperature (K) >>> T=   80.00K,  F(T)=      0.00055942 Ry
Temperature (K) >>> T=   90.00K,  F(T)=      0.00039616 Ry
Temperature (K) >>> T=  100.00K,  F(T)=      0.00021447 Ry
Temperature (K) >>> T=  110.00K,  F(T)=      0.00001575 Ry
Temperature (K) >>> T=  120.00K,  F(T)=     -0.00019873 Ry
Temperature (K) >>> T=  130.00K,  F(T)=     -0.00042787 Ry
Temperature (K) >>> T=  140.00K,  F(T)=     -0.00067071 Ry
Temperature (K) >>> T=  150.00K,  F(T)=     -0.00092639 Ry
Temperature (K) >>> T=  160.00K,  F(T)=     -0.00119412 Ry
Temperature (K) >>> T=  170.00K,  F(T)=     -0.00147324 Ry
Temperature (K) >>> T=  180.00K,  F(T)=     -0.00176312 Ry
Temperature (K) >>> 