File containing the dos >>> Read   252 lines; Delta e (cm^-1) =  1.000000
Check: 3*Nat =   3.0009     zero-point energy (Ry)=     0.00203680
Output file for the Free energy >>> Temperature (K) >>> T=    0.00K,  F(T)=      0.00203680 Ry
Temperature (K) >>> T=   10.00K,  F(T)=      0.00203674 Ry
Temperature (K) >>> T=   20.00K,  F(T)=      0.00203546 Ry
Temperature (K) >>> T=   30.00K,  F(T)=      0.00202953 Ry
Temperature (K) >>> T=   40.00K,  F(T)=      0.00201530 Ry
Temperature (K) >>> T=   50.00K,  F(T)=      0.00199016 Ry
Temperature (K) >>> T=   60.00K,  F(T)=      0.00195251 Ry
Temperature (K) >>> T=   70.00K,  F(T)=      0.00190148 Ry
Temperature (K) >>> T=   80.00K,  F(T)=      0.00183675 Ry
Temperature (K) >>> T=   90.00K,  F(T)=      0.00175836 Ry
Temperature (K) >>> T=  100.00K,  F(T)=      0.00166659 Ry
Temperature (K) >>> T=  110.00K,  F(T)=      0.00156182 Ry
Temperature (K) >>> T=  120.00K,  F(T)=      0.00144453 Ry
Temperature (K) >>> T=  130.00K,  F(T)=      0.00131521 Ry
Temperature (K) >>> T=  140.00K,  F(T)=      0.00117437 Ry
Temperature (K) >>> T=  150.00K,  F(T)=      0.00102250 Ry
Temperature (K) >>> T=  160.00K,  F(T)=      0.00086007 Ry
Temperature (K) >>> T=  170.00K,  F(T)=      0.00068754 Ry
Temperature (K) >>> T=  180.00K,  F(T)=      0.00050533 Ry
Temperature (K) >>> 