File containing the dos >>> Read   160 lines; Delta e (cm^-1) =  1.000000
Check: 3*Nat =   3.0032     zero-point energy (Ry)=     0.00140717
Output file for the Free energy >>> Temperature (K) >>> T=    0.00K,  F(T)=      0.00140717 Ry
Temperature (K) >>> T=   10.00K,  F(T)=      0.00140701 Ry
Temperature (K) >>> T=   20.00K,  F(T)=      0.00140364 Ry
Temperature (K) >>> T=   30.00K,  F(T)=      0.00139018 Ry
Temperature (K) >>> T=   40.00K,  F(T)=      0.00136108 Ry
Temperature (K) >>> T=   50.00K,  F(T)=      0.00131337 Ry
Temperature (K) >>> T=   60.00K,  F(T)=      0.00124603 Ry
Temperature (K) >>> T=   70.00K,  F(T)=      0.00115919 Ry
Temperature (K) >>> T=   80.00K,  F(T)=      0.00105361 Ry
Temperature (K) >>> T=   90.00K,  F(T)=      0.00093025 Ry
Temperature (K) >>> T=  100.00K,  F(T)=      0.00079017 Ry
Temperature (K) >>> T=  110.00K,  F(T)=      0.00063439 Ry
Temperature (K) >>> T=  120.00K,  F(T)=      0.00046387 Ry
Temperature (K) >>> T=  130.00K,  F(T)=      0.00027951 Ry
Temperature (K) >>> T=  140.00K,  F(T)=      0.00008213 Ry
Temperature (K) >>> T=  150.00K,  F(T)=     -0.00012754 Ry
Temperature (K) >>> T=  160.00K,  F(T)=     -0.00034882 Ry
Temperature (K) >>> T=  170.00K,  F(T)=     -0.00058111 Ry
Temperature (K) >>> T=  180.00K,  F(T)=     -0.00082384 Ry
Temperature (K) >>> 