File containing the dos >>> Read   168 lines; Delta e (cm^-1) =  1.000000
Check: 3*Nat =   2.9970     zero-point energy (Ry)=     0.00145862
Output file for the Free energy >>> Temperature (K) >>> T=    0.00K,  F(T)=      0.00145862 Ry
Temperature (K) >>> T=   10.00K,  F(T)=      0.00145848 Ry
Temperature (K) >>> T=   20.00K,  F(T)=      0.00145544 Ry
Temperature (K) >>> T=   30.00K,  F(T)=      0.00144310 Ry
Temperature (K) >>> T=   40.00K,  F(T)=      0.00141612 Ry
Temperature (K) >>> T=   50.00K,  F(T)=      0.00137148 Ry
Temperature (K) >>> T=   60.00K,  F(T)=      0.00130803 Ry
Temperature (K) >>> T=   70.00K,  F(T)=      0.00122575 Ry
Temperature (K) >>> T=   80.00K,  F(T)=      0.00112524 Ry
Temperature (K) >>> T=   90.00K,  F(T)=      0.00100736 Ry
Temperature (K) >>> T=  100.00K,  F(T)=      0.00087308 Ry
Temperature (K) >>> T=  110.00K,  F(T)=      0.00072335 Ry
Temperature (K) >>> T=  120.00K,  F(T)=      0.00055911 Ry
Temperature (K) >>> T=  130.00K,  F(T)=      0.00038119 Ry
Temperature (K) >>> T=  140.00K,  F(T)=      0.00019039 Ry
Temperature (K) >>> T=  150.00K,  F(T)=     -0.00001257 Ry
Temperature (K) >>> T=  160.00K,  F(T)=     -0.00022704 Ry
Temperature (K) >>> T=  170.00K,  F(T)=     -0.00045242 Ry
Temperature (K) >>> T=  180.00K,  F(T)=     -0.00068817 Ry
Temperature (K) >>> 