File containing the dos >>> Read   231 lines; Delta e (cm^-1) =  1.000000
Check: 3*Nat =   2.9990     zero-point energy (Ry)=     0.00189161
Output file for the Free energy >>> Temperature (K) >>> T=    0.00K,  F(T)=      0.00189161 Ry
Temperature (K) >>> T=   10.00K,  F(T)=      0.00189151 Ry
Temperature (K) >>> T=   20.00K,  F(T)=      0.00188989 Ry
Temperature (K) >>> T=   30.00K,  F(T)=      0.00188321 Ry
Temperature (K) >>> T=   40.00K,  F(T)=      0.00186748 Ry
Temperature (K) >>> T=   50.00K,  F(T)=      0.00183979 Ry
Temperature (K) >>> T=   60.00K,  F(T)=      0.00179839 Ry
Temperature (K) >>> T=   70.00K,  F(T)=      0.00174248 Ry
Temperature (K) >>> T=   80.00K,  F(T)=      0.00167184 Ry
Temperature (K) >>> T=   90.00K,  F(T)=      0.00158667 Ry
Temperature (K) >>> T=  100.00K,  F(T)=      0.00148736 Ry
Temperature (K) >>> T=  110.00K,  F(T)=      0.00137444 Ry
Temperature (K) >>> T=  120.00K,  F(T)=      0.00124847 Ry
Temperature (K) >>> T=  130.00K,  F(T)=      0.00111005 Ry
Temperature (K) >>> T=  140.00K,  F(T)=      0.00095975 Ry
Temperature (K) >>> T=  150.00K,  F(T)=      0.00079811 Ry
Temperature (K) >>> T=  160.00K,  F(T)=      0.00062565 Ry
Temperature (K) >>> T=  170.00K,  F(T)=      0.00044287 Ry
Temperature (K) >>> T=  180.00K,  F(T)=      0.00025023 Ry
Temperature (K) >>> 