File containing the dos >>> Read   229 lines; Delta e (cm^-1) =  1.000000
Check: 3*Nat =   2.9985     zero-point energy (Ry)=     0.00188753
Output file for the Free energy >>> Temperature (K) >>> T=    0.00K,  F(T)=      0.00188753 Ry
Temperature (K) >>> T=   10.00K,  F(T)=      0.00188746 Ry
Temperature (K) >>> T=   20.00K,  F(T)=      0.00188596 Ry
Temperature (K) >>> T=   30.00K,  F(T)=      0.00187908 Ry
Temperature (K) >>> T=   40.00K,  F(T)=      0.00186282 Ry
Temperature (K) >>> T=   50.00K,  F(T)=      0.00183438 Ry
Temperature (K) >>> T=   60.00K,  F(T)=      0.00179216 Ry
Temperature (K) >>> T=   70.00K,  F(T)=      0.00173537 Ry
Temperature (K) >>> T=   80.00K,  F(T)=      0.00166384 Ry
Temperature (K) >>> T=   90.00K,  F(T)=      0.00157778 Ry
Temperature (K) >>> T=  100.00K,  F(T)=      0.00147757 Ry
Temperature (K) >>> T=  110.00K,  F(T)=      0.00136375 Ry
Temperature (K) >>> T=  120.00K,  F(T)=      0.00123689 Ry
Temperature (K) >>> T=  130.00K,  F(T)=      0.00109758 Ry
Temperature (K) >>> T=  140.00K,  F(T)=      0.00094637 Ry
Temperature (K) >>> T=  150.00K,  F(T)=      0.00078384 Ry
Temperature (K) >>> T=  160.00K,  F(T)=      0.00061049 Ry
Temperature (K) >>> T=  170.00K,  F(T)=      0.00042682 Ry
Temperature (K) >>> T=  180.00K,  F(T)=      0.00023328 Ry
Temperature (K) >>> 