File containing the dos >>> Read   108 lines; Delta e (cm^-1) =  1.000000
Check: 3*Nat =   2.9976     zero-point energy (Ry)=     0.00101796
Output file for the Free energy >>> Temperature (K) >>> T=    0.00K,  F(T)=      0.00101796 Ry
Temperature (K) >>> T=   10.00K,  F(T)=      0.00101773 Ry
Temperature (K) >>> T=   20.00K,  F(T)=      0.00101255 Ry
Temperature (K) >>> T=   30.00K,  F(T)=      0.00099072 Ry
Temperature (K) >>> T=   40.00K,  F(T)=      0.00094417 Ry
Temperature (K) >>> T=   50.00K,  F(T)=      0.00087077 Ry
Temperature (K) >>> T=   60.00K,  F(T)=      0.00077135 Ry
Temperature (K) >>> T=   70.00K,  F(T)=      0.00064772 Ry
Temperature (K) >>> T=   80.00K,  F(T)=      0.00050186 Ry
Temperature (K) >>> T=   90.00K,  F(T)=      0.00033563 Ry
Temperature (K) >>> T=  100.00K,  F(T)=      0.00015074 Ry
Temperature (K) >>> T=  110.00K,  F(T)=     -0.00005135 Ry
Temperature (K) >>> T=  120.00K,  F(T)=     -0.00026934 Ry
Temperature (K) >>> T=  130.00K,  F(T)=     -0.00050210 Ry
Temperature (K) >>> T=  140.00K,  F(T)=     -0.00074862 Ry
Temperature (K) >>> T=  150.00K,  F(T)=     -0.00100803 Ry
Temperature (K) >>> T=  160.00K,  F(T)=     -0.00127955 Ry
Temperature (K) >>> T=  170.00K,  F(T)=     -0.00156248 Ry
Temperature (K) >>> T=  180.00K,  F(T)=     -0.00185619 Ry
Temperature (K) >>> 