File containing the dos >>> Read   127 lines; Delta e (cm^-1) =  1.000000
Check: 3*Nat =   3.0043     zero-point energy (Ry)=     0.00116798
Output file for the Free energy >>> Temperature (K) >>> T=    0.00K,  F(T)=      0.00116798 Ry
Temperature (K) >>> T=   10.00K,  F(T)=      0.00116771 Ry
Temperature (K) >>> T=   20.00K,  F(T)=      0.00116227 Ry
Temperature (K) >>> T=   30.00K,  F(T)=      0.00114224 Ry
Temperature (K) >>> T=   40.00K,  F(T)=      0.00110123 Ry
Temperature (K) >>> T=   50.00K,  F(T)=      0.00103681 Ry
Temperature (K) >>> T=   60.00K,  F(T)=      0.00094896 Ry
Temperature (K) >>> T=   70.00K,  F(T)=      0.00083875 Ry
Temperature (K) >>> T=   80.00K,  F(T)=      0.00070765 Ry
Temperature (K) >>> T=   90.00K,  F(T)=      0.00055716 Ry
Temperature (K) >>> T=  100.00K,  F(T)=      0.00038871 Ry
Temperature (K) >>> T=  110.00K,  F(T)=      0.00020361 Ry
Temperature (K) >>> T=  120.00K,  F(T)=      0.00000302 Ry
Temperature (K) >>> T=  130.00K,  F(T)=     -0.00021201 Ry
Temperature (K) >>> T=  140.00K,  F(T)=     -0.00044055 Ry
Temperature (K) >>> T=  150.00K,  F(T)=     -0.00068177 Ry
Temperature (K) >>> T=  160.00K,  F(T)=     -0.00093494 Ry
Temperature (K) >>> T=  170.00K,  F(T)=     -0.00119938 Ry
Temperature (K) >>> T=  180.00K,  F(T)=     -0.00147450 Ry
Temperature (K) >>> 