File containing the dos >>> Read   187 lines; Delta e (cm^-1) =  1.000000
Check: 3*Nat =   2.9966     zero-point energy (Ry)=     0.00159128
Output file for the Free energy >>> Temperature (K) >>> T=    0.00K,  F(T)=      0.00159128 Ry
Temperature (K) >>> T=   10.00K,  F(T)=      0.00159117 Ry
Temperature (K) >>> T=   20.00K,  F(T)=      0.00158870 Ry
Temperature (K) >>> T=   30.00K,  F(T)=      0.00157843 Ry
Temperature (K) >>> T=   40.00K,  F(T)=      0.00155549 Ry
Temperature (K) >>> T=   50.00K,  F(T)=      0.00151690 Ry
Temperature (K) >>> T=   60.00K,  F(T)=      0.00146126 Ry
Temperature (K) >>> T=   70.00K,  F(T)=      0.00138824 Ry
Temperature (K) >>> T=   80.00K,  F(T)=      0.00129814 Ry
Temperature (K) >>> T=   90.00K,  F(T)=      0.00119157 Ry
Temperature (K) >>> T=  100.00K,  F(T)=      0.00106932 Ry
Temperature (K) >>> T=  110.00K,  F(T)=      0.00093219 Ry
Temperature (K) >>> T=  120.00K,  F(T)=      0.00078100 Ry
Temperature (K) >>> T=  130.00K,  F(T)=      0.00061650 Ry
Temperature (K) >>> T=  140.00K,  F(T)=      0.00043942 Ry
Temperature (K) >>> T=  150.00K,  F(T)=      0.00025043 Ry
Temperature (K) >>> T=  160.00K,  F(T)=      0.00005014 Ry
Temperature (K) >>> T=  170.00K,  F(T)=     -0.00016089 Ry
Temperature (K) >>> T=  180.00K,  F(T)=     -0.00038214 Ry
Temperature (K) >>> 