File containing the dos >>> Read   148 lines; Delta e (cm^-1) =  1.000000
Check: 3*Nat =   3.0058     zero-point energy (Ry)=     0.00132420
Output file for the Free energy >>> Temperature (K) >>> T=    0.00K,  F(T)=      0.00132420 Ry
Temperature (K) >>> T=   10.00K,  F(T)=      0.00132401 Ry
Temperature (K) >>> T=   20.00K,  F(T)=      0.00132002 Ry
Temperature (K) >>> T=   30.00K,  F(T)=      0.00130459 Ry
Temperature (K) >>> T=   40.00K,  F(T)=      0.00127187 Ry
Temperature (K) >>> T=   50.00K,  F(T)=      0.00121896 Ry
Temperature (K) >>> T=   60.00K,  F(T)=      0.00114514 Ry
Temperature (K) >>> T=   70.00K,  F(T)=      0.00105083 Ry
Temperature (K) >>> T=   80.00K,  F(T)=      0.00093700 Ry
Temperature (K) >>> T=   90.00K,  F(T)=      0.00080481 Ry
Temperature (K) >>> T=  100.00K,  F(T)=      0.00065545 Ry
Temperature (K) >>> T=  110.00K,  F(T)=      0.00049003 Ry
Temperature (K) >>> T=  120.00K,  F(T)=      0.00030959 Ry
Temperature (K) >>> T=  130.00K,  F(T)=      0.00011509 Ry
Temperature (K) >>> T=  140.00K,  F(T)=     -0.00009263 Ry
Temperature (K) >>> T=  150.00K,  F(T)=     -0.00031279 Ry
Temperature (K) >>> T=  160.00K,  F(T)=     -0.00054469 Ry
Temperature (K) >>> T=  170.00K,  F(T)=     -0.00078770 Ry
Temperature (K) >>> T=  180.00K,  F(T)=     -0.00104126 Ry
Temperature (K) >>> 