File containing the dos >>> Read   212 lines; Delta e (cm^-1) =  1.000000
Check: 3*Nat =   2.9997     zero-point energy (Ry)=     0.00176725
Output file for the Free energy >>> Temperature (K) >>> T=    0.00K,  F(T)=      0.00176725 Ry
Temperature (K) >>> T=   10.00K,  F(T)=      0.00176714 Ry
Temperature (K) >>> T=   20.00K,  F(T)=      0.00176533 Ry
Temperature (K) >>> T=   30.00K,  F(T)=      0.00175780 Ry
Temperature (K) >>> T=   40.00K,  F(T)=      0.00174015 Ry
Temperature (K) >>> T=   50.00K,  F(T)=      0.00170927 Ry
Temperature (K) >>> T=   60.00K,  F(T)=      0.00166344 Ry
Temperature (K) >>> T=   70.00K,  F(T)=      0.00160197 Ry
Temperature (K) >>> T=   80.00K,  F(T)=      0.00152481 Ry
Temperature (K) >>> T=   90.00K,  F(T)=      0.00143230 Ry
Temperature (K) >>> T=  100.00K,  F(T)=      0.00132500 Ry
Temperature (K) >>> T=  110.00K,  F(T)=      0.00120354 Ry
Temperature (K) >>> T=  120.00K,  F(T)=      0.00106859 Ry
Temperature (K) >>> T=  130.00K,  F(T)=      0.00092081 Ry
Temperature (K) >>> T=  140.00K,  F(T)=      0.00076083 Ry
Temperature (K) >>> T=  150.00K,  F(T)=      0.00058925 Ry
Temperature (K) >>> T=  160.00K,  F(T)=      0.00040664 Ry
Temperature (K) >>> T=  170.00K,  F(T)=      0.00021352 Ry
Temperature (K) >>> T=  180.00K,  F(T)=      0.00001037 Ry
Temperature (K) >>> 