File containing the dos >>> Read   181 lines; Delta e (cm^-1) =  1.000000
Check: 3*Nat =   2.9992     zero-point energy (Ry)=     0.00154802
Output file for the Free energy >>> Temperature (K) >>> T=    0.00K,  F(T)=      0.00154802 Ry
Temperature (K) >>> T=   10.00K,  F(T)=      0.00154790 Ry
Temperature (K) >>> T=   20.00K,  F(T)=      0.00154565 Ry
Temperature (K) >>> T=   30.00K,  F(T)=      0.00153612 Ry
Temperature (K) >>> T=   40.00K,  F(T)=      0.00151396 Ry
Temperature (K) >>> T=   50.00K,  F(T)=      0.00147579 Ry
Temperature (K) >>> T=   60.00K,  F(T)=      0.00142006 Ry
Temperature (K) >>> T=   70.00K,  F(T)=      0.00134646 Ry
Temperature (K) >>> T=   80.00K,  F(T)=      0.00125536 Ry
Temperature (K) >>> T=   90.00K,  F(T)=      0.00114744 Ry
Temperature (K) >>> T=  100.00K,  F(T)=      0.00102354 Ry
Temperature (K) >>> T=  110.00K,  F(T)=      0.00088454 Ry
Temperature (K) >>> T=  120.00K,  F(T)=      0.00073127 Ry
Temperature (K) >>> T=  130.00K,  F(T)=      0.00056455 Ry
Temperature (K) >>> T=  140.00K,  F(T)=      0.00038511 Ry
Temperature (K) >>> T=  150.00K,  F(T)=      0.00019365 Ry
Temperature (K) >>> T=  160.00K,  F(T)=     -0.00000921 Ry
Temperature (K) >>> T=  170.00K,  F(T)=     -0.00022289 Ry
Temperature (K) >>> T=  180.00K,  F(T)=     -0.00044685 Ry
Temperature (K) >>> 